13:35:59.300 [main                     ] DEBUG Logger               - Configured Logger
13:35:59.323 [main                     ] DEBUG GameApplication      - Logging settings
Title: Basic Game App
Version: 0.0
Width: 800
Height: 600
Fullscreen: false
Intro: false
Profiling: false
Single step:false
App Mode: DEVELOPER
Menu Key: ESCAPE
Stage Style: DECORATED
Scene Factory: class com.almasb.fxgl.app.scene.SceneFactory

13:35:59.656 [JavaFX Application Thread] DEBUG FXGLApplication      - Initializing FXGL
13:35:59.660 [JavaFX Application Thread] INFO  Engine               - FXGL-17.3 (30.03.2023 11.49) on WINDOWS (J:17.0.5 FX:17.0.1)
13:35:59.660 [JavaFX Application Thread] DEBUG Engine               - JRE Vendor Name: Microsoft
13:35:59.660 [JavaFX Application Thread] DEBUG Engine               - Running on OS: Windows 11 version 10.0
13:35:59.661 [JavaFX Application Thread] DEBUG Engine               - Architecture: amd64
13:35:59.661 [JavaFX Application Thread] INFO  Engine               - Source code and latest versions at: https://github.com/AlmasB/FXGL
13:35:59.661 [JavaFX Application Thread] INFO  Engine               -       Ask questions and discuss at: https://github.com/AlmasB/FXGL/discussions
13:35:59.661 [JavaFX Application Thread] INFO  Engine               -              Join the FXGL chat at: https://gitter.im/AlmasB/FXGL
13:35:59.757 [JavaFX Application Thread] DEBUG PrimaryStageWindow   - Creating a JavaFX scene
13:35:59.797 [JavaFX Application Thread] DEBUG PrimaryStageWindow   - Target settings size: 800.0 x 600.0
13:35:59.798 [JavaFX Application Thread] DEBUG PrimaryStageWindow   - Scaled scene size:    800.0 x 600.0
13:35:59.798 [JavaFX Application Thread] DEBUG PrimaryStageWindow   - Scaled ratio: (1.0, 1.0)
13:35:59.799 [JavaFX Application Thread] DEBUG PrimaryStageWindow   - Set initial scene to FXGLStartupScene
13:35:59.806 [JavaFX Application Thread] DEBUG PrimaryStageWindow   - Opening main window
13:35:59.886 [JavaFX Application Thread] DEBUG PrimaryStageWindow   - Window border size: (14.4000244140625, 37.5999755859375)
13:35:59.886 [JavaFX Application Thread] DEBUG PrimaryStageWindow   - Scaled size: 800.0 x 600.0
13:35:59.887 [JavaFX Application Thread] DEBUG PrimaryStageWindow   - Scaled ratio: (1.0, 1.0)
13:35:59.887 [JavaFX Application Thread] DEBUG PrimaryStageWindow   - Scene size: 800.0 x 600.0
13:35:59.887 [JavaFX Application Thread] DEBUG PrimaryStageWindow   - Stage size: 814.4000244140625 x 637.5999755859375
13:35:59.893 [FXGL Background Thread 1 ] DEBUG Engine               - Initializing environment variables
13:35:59.925 [FXGL Background Thread 1 ] DEBUG FXGLAssetLoaderServi - User app class for loading assets: class org.example.Main
13:35:59.925 [FXGL Background Thread 1 ] DEBUG GameApplicationServi - Applying CSS: fxgl_dark.css
13:35:59.926 [FXGL Background Thread 1 ] DEBUG FXGLAssetLoaderServi - Loading from file system: jar:file:/C:/Users/Herobrot/.m2/repository/com/github/almasb/fxgl/17.3/fxgl-17.3.jar!/fxglassets/ui/css/fxgl_dark.css
13:35:59.962 [FXGL Background Thread 1 ] DEBUG GameApplicationServi - Initializing application scenes
13:35:59.989 [FXGL Background Thread 1 ] DEBUG GameWorld            - Game world initialized
13:36:00.032 [FXGL Background Thread 1 ] DEBUG PhysicsWorld         - Physics world initialized: appHeight=600, physics.ppm=50.0
13:36:00.032 [FXGL Background Thread 1 ] DEBUG PhysicsWorld         - Using strategy: BRUTE_FORCE
13:36:00.036 [FXGL Background Thread 1 ] DEBUG GameScene            - Game scene initialized: 800x600
13:36:00.045 [FXGL Background Thread 1 ] DEBUG FXGL.DefaultMenu     - createMenuBodyGameMenu()
13:36:00.060 [FXGL Background Thread 1 ] DEBUG FXGL.DefaultMenu     - createOptionsMenu()
13:36:00.069 [FXGL Background Thread 1 ] DEBUG FXGLAssetLoaderServi - Loading from file system: jar:file:/C:/Users/Herobrot/.m2/repository/com/github/almasb/fxgl/17.3/fxgl-17.3.jar!/fxglassets/textures/particles/smoke.png
13:36:00.142 [FXGL Background Thread 1 ] DEBUG FXGLAssetLoaderServi - Loading from file system: jar:file:/C:/Users/Herobrot/.m2/repository/com/github/almasb/fxgl/17.3/fxgl-17.3.jar!/fxglassets/textures/particles/trace_horizontal.png
13:36:00.168 [FXGL Background Thread 1 ] DEBUG GameApplicationServi - Application scenes initialized
13:36:00.190 [FXGL Background Thread 1 ] DEBUG SystemBundleService  - Loading default FXGL system data
13:36:00.190 [FXGL Background Thread 1 ] DEBUG UpdaterService       - Checking for updates
13:36:00.195 [FXGL Background Thread 4 ] DEBUG FXGLApplication      - Loading fonts
13:36:00.196 [FXGL Background Thread 1 ] DEBUG FXGLApplication      - Loading default localization
13:36:00.196 [FXGL Background Thread 4 ] DEBUG FXGLAssetLoaderServi - Loading from file system: jar:file:/C:/Users/Herobrot/.m2/repository/com/github/almasb/fxgl/17.3/fxgl-17.3.jar!/fxglassets/ui/fonts/VarelaRound-Regular.ttf
13:36:00.198 [FXGL Background Thread 1 ] DEBUG FXGLAssetLoaderServi - Loading from file system: jar:file:/C:/Users/Herobrot/.m2/repository/com/github/almasb/fxgl/17.3/fxgl-17.3.jar!/fxglassets/languages/english.lang
13:36:00.222 [FXGL Background Thread 1 ] INFO  FXGLApplication      - FXGL initialization took: 0.330 sec
13:36:00.223 [JavaFX Application Thread] DEBUG FXGLAssetLoaderServi - Loading from file system: jar:file:/C:/Users/Herobrot/.m2/repository/com/github/almasb/fxgl/17.3/fxgl-17.3.jar!/fxglassets/textures/fxgl_icon.png
13:36:00.246 [JavaFX Application Thread] DEBUG FXGLAssetLoaderServi - Loading from file system: jar:file:/C:/Users/Herobrot/.m2/repository/com/github/almasb/fxgl/17.3/fxgl-17.3.jar!/fxglassets/textures/fxgl_default_cursor.png
13:36:00.249 [FXGL Background Thread 4 ] DEBUG FXGLAssetLoaderServi - Loading from file system: jar:file:/C:/Users/Herobrot/.m2/repository/com/github/almasb/fxgl/17.3/fxgl-17.3.jar!/fxglassets/ui/fonts/Abel-Regular.ttf
13:36:00.257 [FXGL Background Thread 4 ] DEBUG FXGLAssetLoaderServi - Loading from file system: jar:file:/C:/Users/Herobrot/.m2/repository/com/github/almasb/fxgl/17.3/fxgl-17.3.jar!/fxglassets/ui/fonts/TerminalLandMono-Regular.otf
13:36:00.258 [JavaFX Application Thread] DEBUG Input                - Registered new binding: Screenshot - CTRL+8
13:36:00.258 [JavaFX Application Thread] DEBUG Input                - Registered new binding: System info dump - CTRL+9
13:36:00.259 [JavaFX Application Thread] DEBUG Input                - Registered new binding: Restart - CTRL+R
13:36:00.259 [JavaFX Application Thread] DEBUG Input                - Registered new binding: Toggle Debug Camera - CTRL+7
13:36:00.262 [FXGL Background Thread 4 ] DEBUG FXGLAssetLoaderServi - Loading from file system: jar:file:/C:/Users/Herobrot/.m2/repository/com/github/almasb/fxgl/17.3/fxgl-17.3.jar!/fxglassets/ui/fonts/Courier-Prime.ttf
13:36:00.263 [JavaFX Application Thread] DEBUG LoopRunner           - Starting loop
13:36:00.263 [JavaFX Application Thread] DEBUG LoopRunner           - Initializing JavaFX AnimationTimerLoop
13:36:00.264 [JavaFX Application Thread] DEBUG GameApplicationServi - Starting new game
13:36:00.265 [JavaFX Application Thread] DEBUG Input                - Clearing active input actions
13:36:00.274 [JavaFX Application Thread] DEBUG GameApplicationServi - Removing overlay from FXGLStartupScene and adding to FXGLLoadingScene
13:36:00.274 [JavaFX Application Thread] DEBUG PrimaryStageWindow   - FXGLStartupScene -> FXGLLoadingScene
13:36:00.274 [JavaFX Application Thread] DEBUG GameApplicationServi - Clearing previous game
13:36:00.274 [JavaFX Application Thread] DEBUG GameScene            - Clearing game scene
13:36:00.274 [JavaFX Application Thread] DEBUG GameWorld            - Clearing game world
13:36:00.274 [JavaFX Application Thread] DEBUG PhysicsWorld         - Clearing physics world
13:36:00.276 [FXGL Background Thread 4 ] DEBUG FXGLApplication      - Initializing game
13:36:00.276 [JavaFX Application Thread] DEBUG FXGLApplication      - Registering font factories with UI factory
13:36:00.277 [FXGL Background Thread 4 ] INFO  FXGLApplication      - Game initialization took: 0.001 sec
13:36:00.309 [JavaFX Application Thread] DEBUG Input                - Clearing active input actions
13:36:00.315 [JavaFX Application Thread] DEBUG GameApplicationServi - Removing overlay from FXGLLoadingScene and adding to GameScene
13:36:00.315 [JavaFX Application Thread] DEBUG PrimaryStageWindow   - FXGLLoadingScene -> GameScene
13:36:00.840 [FXGL Background Thread 2 ] INFO  UpdaterService       - Your current version:  17.3
13:36:00.841 [FXGL Background Thread 2 ] INFO  UpdaterService       - Latest stable version: 21.1
13:36:02.654 [JavaFX Application Thread] DEBUG FXGLApplication      - Exiting FXGL
13:36:02.654 [JavaFX Application Thread] DEBUG LoopRunner           - Stopping loop
13:36:02.654 [JavaFX Application Thread] DEBUG SystemBundleService  - Saving FXGL system data
13:36:02.657 [JavaFX Application Thread] DEBUG FileSystemAccess     - Writing to: C:\Users\Herobrot\Documents\Cuatri-7B\ProgramacionConcurrente\Corte_3\javaRestaurant2D\system\fxgl.bundle
13:36:02.662 [JavaFX Application Thread] DEBUG Async                - Shutting down background threads
13:36:02.662 [JavaFX Application Thread] DEBUG PrimaryStageWindow   - Closing main window
13:36:02.675 [JavaFX Application Thread] DEBUG Logger               - Closing Logger
